25-May-2020 01:30:24.951 SEVERE [http-nio-8094-exec-2] org.apache.catalina.core.StandardWrapperValve.invoke Servlet.service() for servlet [com.zabello.CustomerDetails] in context with path [/customer] threw exception
	<openjpa-3.1.0-rafcec21a1d489dff682a3ce7986fac6a1c80e8e0 fatal user error> org.apache.openjpa.persistence.ArgumentException: No metadata was found for type "class com.zabello.entities.Customer". The class does not appear in the list of persistent types: [com.aleksandrova.entities.Customer].
		at org.apache.openjpa.meta.MetaDataRepository.getMetaDataInternal(MetaDataRepository.java:415)
		at org.apache.openjpa.meta.MetaDataRepository.getMetaData(MetaDataRepository.java:390)
		at org.apache.openjpa.kernel.BrokerImpl.newObjectId(BrokerImpl.java:1345)
		at org.apache.openjpa.kernel.DelegatingBroker.newObjectId(DelegatingBroker.java:341)
		at org.apache.openjpa.persistence.EntityManagerImpl.find(EntityManagerImpl.java:560)
		at com.zabello.CustomerDetails.doPost(CustomerDetails.java:35)
		at javax.servlet.http.HttpServlet.service(HttpServlet.java:660)
		at javax.servlet.http.HttpServlet.service(HttpServlet.java:741)
		at org.apache.catalina.core.ApplicationFilterChain.internalDoFilter(ApplicationFilterChain.java:231)
		at org.apache.catalina.core.ApplicationFilterChain.doFilter(ApplicationFilterChain.java:166)
		at org.apache.tomcat.websocket.server.WsFilter.doFilter(WsFilter.java:53)
		at org.apache.catalina.core.ApplicationFilterChain.internalDoFilter(ApplicationFilterChain.java:193)
		at org.apache.catalina.core.ApplicationFilterChain.doFilter(ApplicationFilterChain.java:166)
		at org.apache.catalina.core.StandardWrapperValve.invoke(StandardWrapperValve.java:202)
		at org.apache.catalina.core.StandardContextValve.invoke(StandardContextValve.java:96)
		at org.apache.tomee.catalina.OpenEJBValve.invoke(OpenEJBValve.java:45)
		at org.apache.catalina.authenticator.AuthenticatorBase.invoke(AuthenticatorBase.java:541)
		at org.apache.catalina.core.StandardHostValve.invoke(StandardHostValve.java:139)
		at org.apache.catalina.valves.ErrorReportValve.invoke(ErrorReportValve.java:92)
		at org.apache.tomee.catalina.OpenEJBSecurityListener$RequestCapturer.invoke(OpenEJBSecurityListener.java:97)
		at org.apache.catalina.valves.AbstractAccessLogValve.invoke(AbstractAccessLogValve.java:678)
		at org.apache.catalina.core.StandardEngineValve.invoke(StandardEngineValve.java:74)
		at org.apache.catalina.connector.CoyoteAdapter.service(CoyoteAdapter.java:343)
		at org.apache.coyote.http11.Http11Processor.service(Http11Processor.java:367)
		at org.apache.coyote.AbstractProcessorLight.process(AbstractProcessorLight.java:65)
		at org.apache.coyote.AbstractProtocol$ConnectionHandler.process(AbstractProtocol.java:860)
		at org.apache.tomcat.util.net.NioEndpoint$SocketProcessor.doRun(NioEndpoint.java:1598)
		at org.apache.tomcat.util.net.SocketProcessorBase.run(SocketProcessorBase.java:49)
		at java.base/java.util.concurrent.ThreadPoolExecutor.runWorker(ThreadPoolExecutor.java:1128)
		at java.base/java.util.concurrent.ThreadPoolExecutor$Worker.run(ThreadPoolExecutor.java:628)
		at org.apache.tomcat.util.threads.TaskThread$WrappingRunnable.run(TaskThread.java:61)
		at java.base/java.lang.Thread.run(Thread.java:834)
25-May-2020 01:34:07.982 SEVERE [http-nio-8094-exec-4] org.apache.catalina.core.StandardWrapperValve.invoke Servlet.service() for servlet [com.zabello.CustomerDetails] in context with path [/customer] threw exception
	<openjpa-3.1.0-rafcec21a1d489dff682a3ce7986fac6a1c80e8e0 fatal user error> org.apache.openjpa.persistence.ArgumentException: No metadata was found for type "class com.zabello.entities.Customer". The class does not appear in the list of persistent types: [com.aleksandrova.entities.Customer].
		at org.apache.openjpa.meta.MetaDataRepository.getMetaDataInternal(MetaDataRepository.java:415)
		at org.apache.openjpa.meta.MetaDataRepository.getMetaData(MetaDataRepository.java:390)
		at org.apache.openjpa.kernel.BrokerImpl.newObjectId(BrokerImpl.java:1345)
		at org.apache.openjpa.kernel.DelegatingBroker.newObjectId(DelegatingBroker.java:341)
		at org.apache.openjpa.persistence.EntityManagerImpl.find(EntityManagerImpl.java:560)
		at com.zabello.CustomerDetails.doPost(CustomerDetails.java:35)
		at javax.servlet.http.HttpServlet.service(HttpServlet.java:660)
		at javax.servlet.http.HttpServlet.service(HttpServlet.java:741)
		at org.apache.catalina.core.ApplicationFilterChain.internalDoFilter(ApplicationFilterChain.java:231)
		at org.apache.catalina.core.ApplicationFilterChain.doFilter(ApplicationFilterChain.java:166)
		at org.apache.tomcat.websocket.server.WsFilter.doFilter(WsFilter.java:53)
		at org.apache.catalina.core.ApplicationFilterChain.internalDoFilter(ApplicationFilterChain.java:193)
		at org.apache.catalina.core.ApplicationFilterChain.doFilter(ApplicationFilterChain.java:166)
		at org.apache.catalina.core.StandardWrapperValve.invoke(StandardWrapperValve.java:202)
		at org.apache.catalina.core.StandardContextValve.invoke(StandardContextValve.java:96)
		at org.apache.tomee.catalina.OpenEJBValve.invoke(OpenEJBValve.java:45)
		at org.apache.catalina.authenticator.AuthenticatorBase.invoke(AuthenticatorBase.java:541)
		at org.apache.catalina.core.StandardHostValve.invoke(StandardHostValve.java:139)
		at org.apache.catalina.valves.ErrorReportValve.invoke(ErrorReportValve.java:92)
		at org.apache.tomee.catalina.OpenEJBSecurityListener$RequestCapturer.invoke(OpenEJBSecurityListener.java:97)
		at org.apache.catalina.valves.AbstractAccessLogValve.invoke(AbstractAccessLogValve.java:678)
		at org.apache.catalina.core.StandardEngineValve.invoke(StandardEngineValve.java:74)
		at org.apache.catalina.connector.CoyoteAdapter.service(CoyoteAdapter.java:343)
		at org.apache.coyote.http11.Http11Processor.service(Http11Processor.java:367)
		at org.apache.coyote.AbstractProcessorLight.process(AbstractProcessorLight.java:65)
		at org.apache.coyote.AbstractProtocol$ConnectionHandler.process(AbstractProtocol.java:860)
		at org.apache.tomcat.util.net.NioEndpoint$SocketProcessor.doRun(NioEndpoint.java:1598)
		at org.apache.tomcat.util.net.SocketProcessorBase.run(SocketProcessorBase.java:49)
		at java.base/java.util.concurrent.ThreadPoolExecutor.runWorker(ThreadPoolExecutor.java:1128)
		at java.base/java.util.concurrent.ThreadPoolExecutor$Worker.run(ThreadPoolExecutor.java:628)
		at org.apache.tomcat.util.threads.TaskThread$WrappingRunnable.run(TaskThread.java:61)
		at java.base/java.lang.Thread.run(Thread.java:834)
25-May-2020 01:34:18.374 SEVERE [http-nio-8094-exec-6] org.apache.catalina.core.StandardWrapperValve.invoke Servlet.service() for servlet [com.zabello.CustomerDetails] in context with path [/customer] threw exception
	<openjpa-3.1.0-rafcec21a1d489dff682a3ce7986fac6a1c80e8e0 nonfatal general error> org.apache.openjpa.persistence.PersistenceException: Unique index or primary key violation: "PRIMARY KEY ON PUBLIC.CUSTOMERS(ID) [1, 'firsLibrary', 120, 'child']"; SQL statement:
insert into CUSTOMERS(id, name, readers_count, status) values (1, 'firsLibrary', 120, 'child') [23505-198] {stmnt 140375691 insert into CUSTOMERS(id, name, readers_count, status) values (1, 'firsLibrary', 120, 'child')} [code=23505, state=23505]
		at org.apache.openjpa.jdbc.meta.MappingTool.record(MappingTool.java:625)
		at org.apache.openjpa.jdbc.meta.MappingTool.record(MappingTool.java:489)
		at org.apache.openjpa.jdbc.kernel.JDBCBrokerFactory.synchronizeMappings(JDBCBrokerFactory.java:177)
		at org.apache.openjpa.jdbc.kernel.JDBCBrokerFactory.synchronizeMappings(JDBCBrokerFactory.java:181)
		at org.apache.openjpa.jdbc.kernel.JDBCBrokerFactory.newBrokerImpl(JDBCBrokerFactory.java:138)
		at org.apache.openjpa.kernel.AbstractBrokerFactory.newBroker(AbstractBrokerFactory.java:213)
		at org.apache.openjpa.kernel.DelegatingBrokerFactory.newBroker(DelegatingBrokerFactory.java:166)
		at org.apache.openjpa.persistence.EntityManagerFactoryImpl.createEntityManager(EntityManagerFactoryImpl.java:262)
		at org.apache.openjpa.persistence.EntityManagerFactoryImpl.createEntityManager(EntityManagerFactoryImpl.java:177)
		at org.apache.openjpa.persistence.EntityManagerFactoryImpl.createEntityManager(EntityManagerFactoryImpl.java:167)
		at org.apache.openjpa.persistence.EntityManagerFactoryImpl.createEntityManager(EntityManagerFactoryImpl.java:64)
		at com.zabello.CustomerDetails.doPost(CustomerDetails.java:21)
		at javax.servlet.http.HttpServlet.service(HttpServlet.java:660)
		at javax.servlet.http.HttpServlet.service(HttpServlet.java:741)
		at org.apache.catalina.core.ApplicationFilterChain.internalDoFilter(ApplicationFilterChain.java:231)
		at org.apache.catalina.core.ApplicationFilterChain.doFilter(ApplicationFilterChain.java:166)
		at org.apache.tomcat.websocket.server.WsFilter.doFilter(WsFilter.java:53)
		at org.apache.catalina.core.ApplicationFilterChain.internalDoFilter(ApplicationFilterChain.java:193)
		at org.apache.catalina.core.ApplicationFilterChain.doFilter(ApplicationFilterChain.java:166)
		at org.apache.catalina.core.StandardWrapperValve.invoke(StandardWrapperValve.java:202)
		at org.apache.catalina.core.StandardContextValve.invoke(StandardContextValve.java:96)
		at org.apache.tomee.catalina.OpenEJBValve.invoke(OpenEJBValve.java:45)
		at org.apache.catalina.authenticator.AuthenticatorBase.invoke(AuthenticatorBase.java:541)
		at org.apache.catalina.core.StandardHostValve.invoke(StandardHostValve.java:139)
		at org.apache.catalina.valves.ErrorReportValve.invoke(ErrorReportValve.java:92)
		at org.apache.tomee.catalina.OpenEJBSecurityListener$RequestCapturer.invoke(OpenEJBSecurityListener.java:97)
		at org.apache.catalina.valves.AbstractAccessLogValve.invoke(AbstractAccessLogValve.java:678)
		at org.apache.catalina.core.StandardEngineValve.invoke(StandardEngineValve.java:74)
		at org.apache.catalina.connector.CoyoteAdapter.service(CoyoteAdapter.java:343)
		at org.apache.coyote.http11.Http11Processor.service(Http11Processor.java:367)
		at org.apache.coyote.AbstractProcessorLight.process(AbstractProcessorLight.java:65)
		at org.apache.coyote.AbstractProtocol$ConnectionHandler.process(AbstractProtocol.java:860)
		at org.apache.tomcat.util.net.NioEndpoint$SocketProcessor.doRun(NioEndpoint.java:1598)
		at org.apache.tomcat.util.net.SocketProcessorBase.run(SocketProcessorBase.java:49)
		at java.base/java.util.concurrent.ThreadPoolExecutor.runWorker(ThreadPoolExecutor.java:1128)
		at java.base/java.util.concurrent.ThreadPoolExecutor$Worker.run(ThreadPoolExecutor.java:628)
		at org.apache.tomcat.util.threads.TaskThread$WrappingRunnable.run(TaskThread.java:61)
		at java.base/java.lang.Thread.run(Thread.java:834)
	Caused by: org.apache.openjpa.lib.jdbc.ReportingSQLException: Unique index or primary key violation: "PRIMARY KEY ON PUBLIC.CUSTOMERS(ID) [1, 'firsLibrary', 120, 'child']"; SQL statement:
insert into CUSTOMERS(id, name, readers_count, status) values (1, 'firsLibrary', 120, 'child') [23505-198] {stmnt 140375691 insert into CUSTOMERS(id, name, readers_count, status) values (1, 'firsLibrary', 120, 'child')} [code=23505, state=23505]
		at org.apache.openjpa.lib.jdbc.LoggingConnectionDecorator.wrap(LoggingConnectionDecorator.java:219)
		at org.apache.openjpa.lib.jdbc.LoggingConnectionDecorator.wrap(LoggingConnectionDecorator.java:203)
		at org.apache.openjpa.lib.jdbc.LoggingConnectionDecorator.access$700(LoggingConnectionDecorator.java:58)
		at org.apache.openjpa.lib.jdbc.LoggingConnectionDecorator$LoggingConnection$LoggingStatement.executeUpdate(LoggingConnectionDecorator.java:955)
		at org.apache.openjpa.lib.jdbc.DelegatingStatement.executeUpdate(DelegatingStatement.java:123)
		at org.apache.openjpa.jdbc.schema.SchemaTool.executeSQL(SchemaTool.java:1377)
		at org.apache.openjpa.jdbc.schema.SchemaTool.executeScript(SchemaTool.java:533)
		at org.apache.openjpa.jdbc.schema.SchemaTool.run(SchemaTool.java:391)
		at org.apache.openjpa.jdbc.meta.MappingTool.record(MappingTool.java:571)
		... 37 more
25-May-2020 01:37:22.996 SEVERE [http-nio-8080-exec-4] org.apache.catalina.core.StandardWrapperValve.invoke Servlet.service() for servlet [com.zabello.CustomerDetails] in context with path [/customer] threw exception
	<openjpa-3.1.0-rafcec21a1d489dff682a3ce7986fac6a1c80e8e0 fatal user error> org.apache.openjpa.persistence.ArgumentException: No metadata was found for type "class com.zabello.entities.Customer". The class does not appear in the list of persistent types: [com.aleksandrova.entities.Customer].
		at org.apache.openjpa.meta.MetaDataRepository.getMetaDataInternal(MetaDataRepository.java:415)
		at org.apache.openjpa.meta.MetaDataRepository.getMetaData(MetaDataRepository.java:390)
		at org.apache.openjpa.kernel.BrokerImpl.newObjectId(BrokerImpl.java:1345)
		at org.apache.openjpa.kernel.DelegatingBroker.newObjectId(DelegatingBroker.java:341)
		at org.apache.openjpa.persistence.EntityManagerImpl.find(EntityManagerImpl.java:560)
		at com.zabello.CustomerDetails.doPost(CustomerDetails.java:35)
		at javax.servlet.http.HttpServlet.service(HttpServlet.java:660)
		at javax.servlet.http.HttpServlet.service(HttpServlet.java:741)
		at org.apache.catalina.core.ApplicationFilterChain.internalDoFilter(ApplicationFilterChain.java:231)
		at org.apache.catalina.core.ApplicationFilterChain.doFilter(ApplicationFilterChain.java:166)
		at org.apache.tomcat.websocket.server.WsFilter.doFilter(WsFilter.java:53)
		at org.apache.catalina.core.ApplicationFilterChain.internalDoFilter(ApplicationFilterChain.java:193)
		at org.apache.catalina.core.ApplicationFilterChain.doFilter(ApplicationFilterChain.java:166)
		at org.apache.catalina.core.StandardWrapperValve.invoke(StandardWrapperValve.java:202)
		at org.apache.catalina.core.StandardContextValve.invoke(StandardContextValve.java:96)
		at org.apache.tomee.catalina.OpenEJBValve.invoke(OpenEJBValve.java:45)
		at org.apache.catalina.authenticator.AuthenticatorBase.invoke(AuthenticatorBase.java:541)
		at org.apache.catalina.core.StandardHostValve.invoke(StandardHostValve.java:139)
		at org.apache.catalina.valves.ErrorReportValve.invoke(ErrorReportValve.java:92)
		at org.apache.tomee.catalina.OpenEJBSecurityListener$RequestCapturer.invoke(OpenEJBSecurityListener.java:97)
		at org.apache.catalina.valves.AbstractAccessLogValve.invoke(AbstractAccessLogValve.java:678)
		at org.apache.catalina.core.StandardEngineValve.invoke(StandardEngineValve.java:74)
		at org.apache.catalina.connector.CoyoteAdapter.service(CoyoteAdapter.java:343)
		at org.apache.coyote.http11.Http11Processor.service(Http11Processor.java:367)
		at org.apache.coyote.AbstractProcessorLight.process(AbstractProcessorLight.java:65)
		at org.apache.coyote.AbstractProtocol$ConnectionHandler.process(AbstractProtocol.java:860)
		at org.apache.tomcat.util.net.NioEndpoint$SocketProcessor.doRun(NioEndpoint.java:1598)
		at org.apache.tomcat.util.net.SocketProcessorBase.run(SocketProcessorBase.java:49)
		at java.base/java.util.concurrent.ThreadPoolExecutor.runWorker(ThreadPoolExecutor.java:1128)
		at java.base/java.util.concurrent.ThreadPoolExecutor$Worker.run(ThreadPoolExecutor.java:628)
		at org.apache.tomcat.util.threads.TaskThread$WrappingRunnable.run(TaskThread.java:61)
		at java.base/java.lang.Thread.run(Thread.java:834)
25-May-2020 01:37:30.945 SEVERE [http-nio-8080-exec-6] org.apache.catalina.core.StandardWrapperValve.invoke Servlet.service() for servlet [com.zabello.CustomerDetails] in context with path [/customer] threw exception
	<openjpa-3.1.0-rafcec21a1d489dff682a3ce7986fac6a1c80e8e0 nonfatal general error> org.apache.openjpa.persistence.PersistenceException: Unique index or primary key violation: "PRIMARY KEY ON PUBLIC.CUSTOMERS(ID) [1, 'firsLibrary', 120, 'child']"; SQL statement:
insert into CUSTOMERS(id, name, readers_count, status) values (1, 'firsLibrary', 120, 'child') [23505-198] {stmnt 79665384 insert into CUSTOMERS(id, name, readers_count, status) values (1, 'firsLibrary', 120, 'child')} [code=23505, state=23505]
		at org.apache.openjpa.jdbc.meta.MappingTool.record(MappingTool.java:625)
		at org.apache.openjpa.jdbc.meta.MappingTool.record(MappingTool.java:489)
		at org.apache.openjpa.jdbc.kernel.JDBCBrokerFactory.synchronizeMappings(JDBCBrokerFactory.java:177)
		at org.apache.openjpa.jdbc.kernel.JDBCBrokerFactory.synchronizeMappings(JDBCBrokerFactory.java:181)
		at org.apache.openjpa.jdbc.kernel.JDBCBrokerFactory.newBrokerImpl(JDBCBrokerFactory.java:138)
		at org.apache.openjpa.kernel.AbstractBrokerFactory.newBroker(AbstractBrokerFactory.java:213)
		at org.apache.openjpa.kernel.DelegatingBrokerFactory.newBroker(DelegatingBrokerFactory.java:166)
		at org.apache.openjpa.persistence.EntityManagerFactoryImpl.createEntityManager(EntityManagerFactoryImpl.java:262)
		at org.apache.openjpa.persistence.EntityManagerFactoryImpl.createEntityManager(EntityManagerFactoryImpl.java:177)
		at org.apache.openjpa.persistence.EntityManagerFactoryImpl.createEntityManager(EntityManagerFactoryImpl.java:167)
		at org.apache.openjpa.persistence.EntityManagerFactoryImpl.createEntityManager(EntityManagerFactoryImpl.java:64)
		at com.zabello.CustomerDetails.doPost(CustomerDetails.java:21)
		at javax.servlet.http.HttpServlet.service(HttpServlet.java:660)
		at javax.servlet.http.HttpServlet.service(HttpServlet.java:741)
		at org.apache.catalina.core.ApplicationFilterChain.internalDoFilter(ApplicationFilterChain.java:231)
		at org.apache.catalina.core.ApplicationFilterChain.doFilter(ApplicationFilterChain.java:166)
		at org.apache.tomcat.websocket.server.WsFilter.doFilter(WsFilter.java:53)
		at org.apache.catalina.core.ApplicationFilterChain.internalDoFilter(ApplicationFilterChain.java:193)
		at org.apache.catalina.core.ApplicationFilterChain.doFilter(ApplicationFilterChain.java:166)
		at org.apache.catalina.core.StandardWrapperValve.invoke(StandardWrapperValve.java:202)
		at org.apache.catalina.core.StandardContextValve.invoke(StandardContextValve.java:96)
		at org.apache.tomee.catalina.OpenEJBValve.invoke(OpenEJBValve.java:45)
		at org.apache.catalina.authenticator.AuthenticatorBase.invoke(AuthenticatorBase.java:541)
		at org.apache.catalina.core.StandardHostValve.invoke(StandardHostValve.java:139)
		at org.apache.catalina.valves.ErrorReportValve.invoke(ErrorReportValve.java:92)
		at org.apache.tomee.catalina.OpenEJBSecurityListener$RequestCapturer.invoke(OpenEJBSecurityListener.java:97)
		at org.apache.catalina.valves.AbstractAccessLogValve.invoke(AbstractAccessLogValve.java:678)
		at org.apache.catalina.core.StandardEngineValve.invoke(StandardEngineValve.java:74)
		at org.apache.catalina.connector.CoyoteAdapter.service(CoyoteAdapter.java:343)
		at org.apache.coyote.http11.Http11Processor.service(Http11Processor.java:367)
		at org.apache.coyote.AbstractProcessorLight.process(AbstractProcessorLight.java:65)
		at org.apache.coyote.AbstractProtocol$ConnectionHandler.process(AbstractProtocol.java:860)
		at org.apache.tomcat.util.net.NioEndpoint$SocketProcessor.doRun(NioEndpoint.java:1598)
		at org.apache.tomcat.util.net.SocketProcessorBase.run(SocketProcessorBase.java:49)
		at java.base/java.util.concurrent.ThreadPoolExecutor.runWorker(ThreadPoolExecutor.java:1128)
		at java.base/java.util.concurrent.ThreadPoolExecutor$Worker.run(ThreadPoolExecutor.java:628)
		at org.apache.tomcat.util.threads.TaskThread$WrappingRunnable.run(TaskThread.java:61)
		at java.base/java.lang.Thread.run(Thread.java:834)
	Caused by: org.apache.openjpa.lib.jdbc.ReportingSQLException: Unique index or primary key violation: "PRIMARY KEY ON PUBLIC.CUSTOMERS(ID) [1, 'firsLibrary', 120, 'child']"; SQL statement:
insert into CUSTOMERS(id, name, readers_count, status) values (1, 'firsLibrary', 120, 'child') [23505-198] {stmnt 79665384 insert into CUSTOMERS(id, name, readers_count, status) values (1, 'firsLibrary', 120, 'child')} [code=23505, state=23505]
		at org.apache.openjpa.lib.jdbc.LoggingConnectionDecorator.wrap(LoggingConnectionDecorator.java:219)
		at org.apache.openjpa.lib.jdbc.LoggingConnectionDecorator.wrap(LoggingConnectionDecorator.java:203)
		at org.apache.openjpa.lib.jdbc.LoggingConnectionDecorator.access$700(LoggingConnectionDecorator.java:58)
		at org.apache.openjpa.lib.jdbc.LoggingConnectionDecorator$LoggingConnection$LoggingStatement.executeUpdate(LoggingConnectionDecorator.java:955)
		at org.apache.openjpa.lib.jdbc.DelegatingStatement.executeUpdate(DelegatingStatement.java:123)
		at org.apache.openjpa.jdbc.schema.SchemaTool.executeSQL(SchemaTool.java:1377)
		at org.apache.openjpa.jdbc.schema.SchemaTool.executeScript(SchemaTool.java:533)
		at org.apache.openjpa.jdbc.schema.SchemaTool.run(SchemaTool.java:391)
		at org.apache.openjpa.jdbc.meta.MappingTool.record(MappingTool.java:571)
		... 37 more
